<?xml version="1.0" encoding="UTF-8"?>
<testsuite name="EncryptDecryptTest" tests="1" skipped="0" failures="0" errors="0" timestamp="2020-05-22T12:03:51" hostname="Lenovo-Komputer" time="0.549">
  <properties/>
  <testcase name="start" classname="EncryptDecryptTest" time="0.549"/>
  <system-out><![CDATA[?[1;31m
Start test 1?[0m
Unknown argument
Unknown argument
Unknown argument
Unknown argument
Unknown argument
?[1;31m
Start test 2?[0m
Unknown argument
Unknown argument
Unknown argument
Unknown argument
Unknown argument
?[1;31m
Start test 3?[0m
Unknown argument
Unknown argument
Unknown argument
Unknown argument
Unknown argument
?[1;31m
Start test 4?[0m
Unknown argument
Unknown argument
Unknown argument
Unknown argument
Unknown argument
?[1;31m
Start test 5?[0m
Unknown argument
Unknown argument
Unknown argument
Unknown argument
Unknown argument
?[1;31m
Start test 6?[0m
Unknown argument
Unknown argument
Unknown argument
Unknown argument
Unknown argument
?[1;31m
Start test 7?[0m
Unknown argument
Unknown argument
Unknown argument
Unknown argument
Unknown argument
?[1;31m
Start test 8?[0m
Unknown argument
Unknown argument
Unknown argument
Unknown argument
Unknown argument
?[1;31m
Start test 9?[0m
Unknown argument
Unknown argument
Unknown argument
Unknown argument
Unknown argument
?[1;31m
Start test 10?[0m
Unknown argument
Unknown argument
Unknown argument
Unknown argument
Unknown argument
?[1;31m
Start test 11?[0m
Unknown argument
Unknown argument
Unknown argument
Unknown argument
Unknown argument
]]></system-out>
  <system-err><![CDATA[]]></system-err>
</testsuite>
